<?xml version="1.0" encoding="UTF-8"?>
<!-- Generated by org.testng.reporters.JUnitXMLReporter -->
<testsuite hostname="welcome-PC" ignored="0" name="facebook test2" tests="1" failures="0" timestamp="15 Jul 2019 09:53:22 GMT" time="0.047" errors="0">
  <testcase name="@BeforeClass setup" time="0.032" classname="com.facebook.testcases.BaseClass">
    <failure type="java.lang.NullPointerException">
      <![CDATA[java.lang.NullPointerException
at com.facebook.testcases.BaseClass.setup(BaseClass.java:42)
... Removed 29 stack frames]]>
    </failure>
  </testcase> <!-- @BeforeClass setup -->
  <testcase name="setup1" time="0.0" classname="com.facebook.testcases.TC_logintest_001">
    <skipped/>
  </testcase> <!-- setup1 -->
</testsuite> <!-- facebook test2 -->
