<?xml version="1.0" encoding="UTF-8"?>
<testng-results skipped="0" failed="0" ignored="0" total="1" passed="1">
  <reporter-output>
  </reporter-output>
  <suite name="facebook2" duration-ms="74139" started-at="2019-07-15T10:17:26Z" finished-at="2019-07-15T10:18:40Z">
    <groups>
    </groups>
    <test name="facebooktest2" duration-ms="74139" started-at="2019-07-15T10:17:26Z" finished-at="2019-07-15T10:18:40Z">
      <class name="com.facebook.testcases.TC_logintest_001">
        <test-method status="PASS" signature="setup()[pri:0, instance:com.facebook.testcases.TC_logintest_001@7f63425a]" name="setup" is-config="true" duration-ms="69409" started-at="2019-07-15T10:17:26Z" finished-at="2019-07-15T10:18:35Z">
          <reporter-output>
          </reporter-output>
        </test-method> <!-- setup -->
        <test-method status="PASS" signature="setup1()[pri:0, instance:com.facebook.testcases.TC_logintest_001@7f63425a]" name="setup1" duration-ms="3821" started-at="2019-07-15T10:18:36Z" finished-at="2019-07-15T10:18:40Z">
          <reporter-output>
          </reporter-output>
        </test-method> <!-- setup1 -->
      </class> <!-- com.facebook.testcases.TC_logintest_001 -->
    </test> <!-- facebooktest2 -->
  </suite> <!-- facebook2 -->
</testng-results>
